<databaseChangeLog
        xmlns="http://www.liquibase.org/xml/ns/dbchangelog"
        xmlns:xsi="http://www.w3.org/2001/XMLSchema-instance"
        xsi:schemaLocation="http://www.liquibase.org/xml/ns/dbchangelog http://www.liquibase.org/xml/ns/dbchangelog/dbchangelog-3.1.xsd">

    <changeSet author="n.v.melnikov@tinkoff.ru" id="users.sql">
        <sqlFile path="db/users.sql" relativeToChangelogFile="true"/>
    </changeSet>

</databaseChangeLog>